0 info it worked if it ends with ok
1 verbose cli [ '/usr/local/bin/iojs',
1 verbose cli   '/usr/local/bin/npm',
1 verbose cli   'install',
1 verbose cli   'node-router',
1 verbose cli   '--save' ]
2 info using npm@2.11.3
3 info using node@v2.3.1
4 verbose install initial load of /home/rahillakhani/projects/virtuosco/package.json
5 verbose readDependencies loading dependencies from /home/rahillakhani/projects/virtuosco/package.json
6 silly cache add args [ 'node-router', null ]
7 verbose cache add spec node-router
8 silly cache add parsed spec { raw: 'node-router',
8 silly cache add   scope: null,
8 silly cache add   name: 'node-router',
8 silly cache add   rawSpec: '',
8 silly cache add   spec: '*',
8 silly cache add   type: 'range' }
9 silly addNamed node-router@*
10 verbose addNamed "*" is a valid semver range for node-router
11 silly addNameRange { name: 'node-router', range: '*', hasData: false }
12 silly mapToRegistry name node-router
13 silly mapToRegistry using default registry
14 silly mapToRegistry registry https://registry.npmjs.org/
15 silly mapToRegistry uri https://registry.npmjs.org/node-router
16 verbose addNameRange registry:https://registry.npmjs.org/node-router not in flight; fetching
17 verbose request uri https://registry.npmjs.org/node-router
18 verbose request no auth needed
19 info attempt registry request try #1 at 13:16:44
20 verbose request id 362a4449fa8de7e7
21 http request GET https://registry.npmjs.org/node-router
22 http 404 https://registry.npmjs.org/node-router
23 verbose headers { 'content-type': 'application/json',
23 verbose headers   'cache-control': 'max-age=0',
23 verbose headers   'content-length': '2',
23 verbose headers   'accept-ranges': 'bytes',
23 verbose headers   date: 'Mon, 14 Sep 2015 07:46:45 GMT',
23 verbose headers   via: '1.1 varnish',
23 verbose headers   age: '0',
23 verbose headers   connection: 'keep-alive',
23 verbose headers   'x-served-by': 'cache-sin6921-SIN',
23 verbose headers   'x-cache': 'MISS',
23 verbose headers   'x-cache-hits': '0',
23 verbose headers   'x-timer': 'S1442216805.129864,VS0,VE212' }
24 silly get cb [ 404,
24 silly get   { 'content-type': 'application/json',
24 silly get     'cache-control': 'max-age=0',
24 silly get     'content-length': '2',
24 silly get     'accept-ranges': 'bytes',
24 silly get     date: 'Mon, 14 Sep 2015 07:46:45 GMT',
24 silly get     via: '1.1 varnish',
24 silly get     age: '0',
24 silly get     connection: 'keep-alive',
24 silly get     'x-served-by': 'cache-sin6921-SIN',
24 silly get     'x-cache': 'MISS',
24 silly get     'x-cache-hits': '0',
24 silly get     'x-timer': 'S1442216805.129864,VS0,VE212' } ]
25 verbose stack Error: Registry returned 404 for GET on https://registry.npmjs.org/node-router
25 verbose stack     at CachingRegistryClient.<anonymous> (/usr/local/lib/node_modules/npm/node_modules/npm-registry-client/lib/request.js:239:14)
25 verbose stack     at Request._callback (/usr/local/lib/node_modules/npm/node_modules/npm-registry-client/lib/request.js:170:14)
25 verbose stack     at Request.self.callback (/usr/local/lib/node_modules/npm/node_modules/request/request.js:354:22)
25 verbose stack     at emitTwo (events.js:87:13)
25 verbose stack     at Request.emit (events.js:172:7)
25 verbose stack     at Request.<anonymous> (/usr/local/lib/node_modules/npm/node_modules/request/request.js:1207:14)
25 verbose stack     at emitOne (events.js:82:20)
25 verbose stack     at Request.emit (events.js:169:7)
25 verbose stack     at IncomingMessage.<anonymous> (/usr/local/lib/node_modules/npm/node_modules/request/request.js:1153:12)
25 verbose stack     at emitNone (events.js:72:20)
26 verbose statusCode 404
27 verbose pkgid node-router
28 verbose cwd /home/rahillakhani/projects/virtuosco
29 error Linux 3.13.0-63-generic
30 error argv "/usr/local/bin/iojs" "/usr/local/bin/npm" "install" "node-router" "--save"
31 error node v2.3.1
32 error npm  v2.11.3
33 error code E404
34 error 404 Registry returned 404 for GET on https://registry.npmjs.org/node-router
34 error 404
34 error 404 'node-router' is not in the npm registry.
34 error 404 You should bug the author to publish it (or use the name yourself!)
34 error 404
34 error 404 Note that you can also install from a
34 error 404 tarball, folder, http url, or git url.
35 verbose exit [ 1, true ]
